<?xml version="1.0" encoding="UTF-8"?>
<!-- Generated by org.testng.reporters.JUnitReportReporter -->
<testsuite skipped="0" hostname="marjanas-Air" name="SanjedaTest.QuoteTest" tests="1" failures="0" timestamp="2022-12-10T23:33:07 EST" time="10.024" errors="0">
  <testcase name="newQuote" time="10.024" classname="SanjedaTest.QuoteTest"/>
  <system-out>
    <![CDATA[[[ChromeDriver: chrome on MAC (c5f652c67bb34e5bd5db627c8fbf1059)] -> xpath: (//button[@class = 'OpenQrfButton button-primary']) [3]] <--- has been clicked<br>
[[ChromeDriver: chrome on MAC (c5f652c67bb34e5bd5db627c8fbf1059)] -> id: uid_61] <--- has been clicked<br>
85142 : has been passed to ---> [[ChromeDriver: chrome on MAC (c5f652c67bb34e5bd5db627c8fbf1059)] -> id: uid_61]<br>
[[ChromeDriver: chrome on MAC (c5f652c67bb34e5bd5db627c8fbf1059)] -> xpath: (//div[@class= 'SelectionTiles__tile QrfProductTiles__tile']) [1]] <--- has been clicked<br>
[[ChromeDriver: chrome on MAC (c5f652c67bb34e5bd5db627c8fbf1059)] -> xpath: //span[@class= 'LoadingButton__content']] <--- has been clicked<br>]]>
  </system-out>
</testsuite> <!-- SanjedaTest.QuoteTest -->
